2004.01.29 22:09 B C:\Program Files\Adobe\GoLive 4.0\urban2000folder\urban\glimages\NPV glass inventory\13x13 Wild Rose.jpg --> www.urbanrancher.com /glimages/NPV glass inventory 13x13 Wild Rose.jpg
2004.01.29 22:09 B C:\Program Files\Adobe\GoLive 4.0\urban2000folder\urban\glimages\NPV glass inventory\14 round Iris.jpg --> www.urbanrancher.com /glimages/NPV glass inventory 14 round Iris.jpg
2004.01.29 22:09 B C:\Program Files\Adobe\GoLive 4.0\urban2000folder\urban\glimages\NPV glass inventory\16x23 oval Golden Banner.jpg --> www.urbanrancher.com /glimages/NPV glass inventory 16x23 oval Golden Banner.jpg
2004.01.29 22:09 B C:\Program Files\Adobe\GoLive 4.0\urban2000folder\urban\glimages\NPV glass inventory\16x23 Perched Eagle.jpg --> www.urbanrancher.com /glimages/NPV glass inventory 16x23 Perched Eagle.jpg
2004.01.29 22:09 B C:\Program Files\Adobe\GoLive 4.0\urban2000folder\urban\glimages\NPV glass inventory\16x23 simple Flying eagle.jpg --> www.urbanrancher.com /glimages/NPV glass inventory 16x23 simple Flying eagle.jpg
2004.01.29 22:09 B C:\Program Files\Adobe\GoLive 4.0\urban2000folder\urban\glimages\NPV glass inventory\18 square Young Ram.jpg --> www.urbanrancher.com /glimages/NPV glass inventory 18 square Young Ram.jpg
2004.01.29 22:09 B C:\Program Files\Adobe\GoLive 4.0\urban2000folder\urban\glimages\NPV glass inventory\18x18 Chickadee in circle.jpg --> www.urbanrancher.com /glimages/NPV glass inventory 18x18 Chickadee in circle.jpg
2004.01.29 22:10 B C:\Program Files\Adobe\GoLive 4.0\urban2000folder\urban\glimages\NPV glass inventory\18x18 fox.jpg --> www.urbanrancher.com /glimages/NPV glass inventory 18x18 fox.jpg
2004.01.29 22:10 B C:\Program Files\Adobe\GoLive 4.0\urban2000folder\urban\glimages\NPV glass inventory\18x18 grizzly bear.jpg --> www.urbanrancher.com /glimages/NPV glass inventory 18x18 grizzly bear.jpg
2004.01.29 22:10 B C:\Program Files\Adobe\GoLive 4.0\urban2000folder\urban\glimages\NPV glass inventory\18x26 Old Ram.jpg --> www.urbanrancher.com /glimages/NPV glass inventory 18x26 Old Ram.jpg
2004.01.29 22:10 B C:\Program Files\Adobe\GoLive 4.0\urban2000folder\urban\glimages\NPV glass inventory\19x19 Snowy Owl.jpg --> www.urbanrancher.com /glimages/NPV glass inventory 19x19 Snowy Owl.jpg
2004.01.29 22:10 B C:\Program Files\Adobe\GoLive 4.0\urban2000folder\urban\glimages\NPV glass inventory\19x23 Elk.jpg --> www.urbanrancher.com /glimages/NPV glass inventory 19x23 Elk.jpg
2004.01.29 22:10 B C:\Program Files\Adobe\GoLive 4.0\urban2000folder\urban\glimages\NPV glass inventory\21 round columbines.jpg --> www.urbanrancher.com /glimages/NPV glass inventory 21 round columbines.jpg
2004.01.29 22:10 B C:\Program Files\Adobe\GoLive 4.0\urban2000folder\urban\glimages\NPV glass inventory\21 round flying owl.jpg --> www.urbanrancher.com /glimages/NPV glass inventory 21 round flying owl.jpg
2004.01.29 22:11 B C:\Program Files\Adobe\GoLive 4.0\urban2000folder\urban\glimages\NPV glass inventory\21x31 Intricate Eagle.jpg --> www.urbanrancher.com /glimages/NPV glass inventory 21x31 Intricate Eagle.jpg
2004.01.29 22:11 B C:\Program Files\Adobe\GoLive 4.0\urban2000folder\urban\glimages\NPV glass inventory\23x20 Hummingbirds and Columbines.jpg --> www.urbanrancher.com /glimages/NPV glass inventory 23x20 Hummingbirds and Columbines.jpg
2004.01.29 22:11 B C:\Program Files\Adobe\GoLive 4.0\urban2000folder\urban\glimages\NPV glass inventory\23x20 Longs Peak.jpg --> www.urbanrancher.com /glimages/NPV glass inventory 23x20 Longs Peak.jpg
2004.01.29 22:11 B C:\Program Files\Adobe\GoLive 4.0\urban2000folder\urban\glimages\NPV glass inventory\24x20 Mountain Lion.jpg --> www.urbanrancher.com /glimages/NPV glass inventory 24x20 Mountain Lion.jpg
2004.01.29 22:11 B C:\Program Files\Adobe\GoLive 4.0\urban2000folder\urban\glimages\NPV glass inventory\25 round chickadees.jpg --> www.urbanrancher.com /glimages/NPV glass inventory 25 round chickadees.jpg
2004.01.29 22:11 B C:\Program Files\Adobe\GoLive 4.0\urban2000folder\urban\glimages\NPV glass inventory\25 round Crocuses.jpg --> www.urbanrancher.com /glimages/NPV glass inventory 25 round Crocuses.jpg
2004.01.29 22:11 B C:\Program Files\Adobe\GoLive 4.0\urban2000folder\urban\glimages\NPV glass inventory\25x25 Hummingbirds & Crocuses.jpg --> www.urbanrancher.com /glimages/NPV glass inventory 25x25 Hummingbirds & Crocuses.jpg
2004.01.29 22:11 B C:\Program Files\Adobe\GoLive 4.0\urban2000folder\urban\glimages\NPV glass inventory\27 round Hbirds & golden banner.jpg --> www.urbanrancher.com /glimages/NPV glass inventory 27 round Hbirds & golden banner.jpg
2004.01.29 22:12 B C:\Program Files\Adobe\GoLive 4.0\urban2000folder\urban\glimages\NPV glass inventory\Thumbs.db --> www.urbanrancher.com /glimages/NPV glass inventory Thumbs.db
2004.01.30 19:35 B C:\Program Files\Adobe\GoLive 4.0\urban2000folder\urban\glimages\NPVglass\13x13WildRose.jpg --> www.urbanrancher.com /glimages/NPVglass 13x13WildRose.jpg
2004.01.30 19:35 B C:\Program Files\Adobe\GoLive 4.0\urban2000folder\urban\glimages\NPVglass\14roundIris.jpg --> www.urbanrancher.com /glimages/NPVglass 14roundIris.jpg
2004.01.30 19:35 B C:\Program Files\Adobe\GoLive 4.0\urban2000folder\urban\glimages\NPVglass\16x23ovalGoldenBanner.jpg --> www.urbanrancher.com /glimages/NPVglass 16x23ovalGoldenBanner.jpg
2004.01.30 19:36 B C:\Program Files\Adobe\GoLive 4.0\urban2000folder\urban\glimages\NPVglass\16x23PerchedEagle.jpg --> www.urbanrancher.com /glimages/NPVglass 16x23PerchedEagle.jpg
2004.01.30 19:36 B C:\Program Files\Adobe\GoLive 4.0\urban2000folder\urban\glimages\NPVglass\16x23simpleFlyingeagle.jpg --> www.urbanrancher.com /glimages/NPVglass 16x23simpleFlyingeagle.jpg
2004.01.30 19:36 B C:\Program Files\Adobe\GoLive 4.0\urban2000folder\urban\glimages\NPVglass\18squareYoungRam.jpg --> www.urbanrancher.com /glimages/NPVglass 18squareYoungRam.jpg
2004.01.30 19:36 B C:\Program Files\Adobe\GoLive 4.0\urban2000folder\urban\glimages\NPVglass\18x18Chickadeeincircle.jpg --> www.urbanrancher.com /glimages/NPVglass 18x18Chickadeeincircle.jpg
2004.01.30 19:36 B C:\Program Files\Adobe\GoLive 4.0\urban2000folder\urban\glimages\NPVglass\18x18Fox.jpg --> www.urbanrancher.com /glimages/NPVglass 18x18Fox.jpg
2004.01.30 19:36 B C:\Program Files\Adobe\GoLive 4.0\urban2000folder\urban\glimages\NPVglass\18x18GrizzlyBear.jpg --> www.urbanrancher.com /glimages/NPVglass 18x18GrizzlyBear.jpg
2004.01.30 19:36 B C:\Program Files\Adobe\GoLive 4.0\urban2000folder\urban\glimages\NPVglass\18x26OldRam.jpg --> www.urbanrancher.com /glimages/NPVglass 18x26OldRam.jpg
2004.01.30 19:37 B C:\Program Files\Adobe\GoLive 4.0\urban2000folder\urban\glimages\NPVglass\19x19SnowyOwl.jpg --> www.urbanrancher.com /glimages/NPVglass 19x19SnowyOwl.jpg
2004.01.30 19:37 B C:\Program Files\Adobe\GoLive 4.0\urban2000folder\urban\glimages\NPVglass\19x23Elk.jpg --> www.urbanrancher.com /glimages/NPVglass 19x23Elk.jpg
2004.01.30 19:37 B C:\Program Files\Adobe\GoLive 4.0\urban2000folder\urban\glimages\NPVglass\21roundcolumbines.jpg --> www.urbanrancher.com /glimages/NPVglass 21roundcolumbines.jpg
2004.01.30 19:37 B C:\Program Files\Adobe\GoLive 4.0\urban2000folder\urban\glimages\NPVglass\21roundflyingowl.jpg --> www.urbanrancher.com /glimages/NPVglass 21roundflyingowl.jpg
2004.01.30 19:37 B C:\Program Files\Adobe\GoLive 4.0\urban2000folder\urban\glimages\NPVglass\21x31IntricateEagle.jpg --> www.urbanrancher.com /glimages/NPVglass 21x31IntricateEagle.jpg
2004.01.30 19:37 B C:\Program Files\Adobe\GoLive 4.0\urban2000folder\urban\glimages\NPVglass\23x20HummingbirdsandColumbines.jpg --> www.urbanrancher.com /glimages/NPVglass 23x20HummingbirdsandColumbines.jpg
2004.01.30 19:37 B C:\Program Files\Adobe\GoLive 4.0\urban2000folder\urban\glimages\NPVglass\23x20LongsPeak.jpg --> www.urbanrancher.com /glimages/NPVglass 23x20LongsPeak.jpg
2004.01.30 19:37 B C:\Program Files\Adobe\GoLive 4.0\urban2000folder\urban\glimages\NPVglass\24x20MountainLion.jpg --> www.urbanrancher.com /glimages/NPVglass 24x20MountainLion.jpg
2004.01.30 19:38 B C:\Program Files\Adobe\GoLive 4.0\urban2000folder\urban\glimages\NPVglass\25roundchickadees.jpg --> www.urbanrancher.com /glimages/NPVglass 25roundchickadees.jpg
2004.01.30 19:38 B C:\Program Files\Adobe\GoLive 4.0\urban2000folder\urban\glimages\NPVglass\25roundCrocuses.jpg --> www.urbanrancher.com /glimages/NPVglass 25roundCrocuses.jpg
2004.01.30 19:38 B C:\Program Files\Adobe\GoLive 4.0\urban2000folder\urban\glimages\NPVglass\25x25Hummingbirds&Crocuses.jpg --> www.urbanrancher.com /glimages/NPVglass 25x25Hummingbirds&Crocuses.jpg
2004.01.30 19:38 B C:\Program Files\Adobe\GoLive 4.0\urban2000folder\urban\glimages\NPVglass\27roundHbirds&goldenbanner.jpg --> www.urbanrancher.com /glimages/NPVglass 27roundHbirds&goldenbanner.jpg
2004.01.30 19:38 B C:\Program Files\Adobe\GoLive 4.0\urban2000folder\urban\glimages\NPVglass\WS_FTP.LOG --> www.urbanrancher.com /glimages/NPVglass WS_FTP.LOG
2004.01.30 21:51 B C:\Program Files\Adobe\GoLive 4.0\atri2000 Folder\atri2000\timages\NPVglass\13x13WildRose.jpg --> www.alpinetrailridgeinn.com /timages/NPVglass 13x13WildRose.jpg
2004.01.30 21:51 B C:\Program Files\Adobe\GoLive 4.0\atri2000 Folder\atri2000\timages\NPVglass\14roundIris.jpg --> www.alpinetrailridgeinn.com /timages/NPVglass 14roundIris.jpg
2004.01.30 21:51 B C:\Program Files\Adobe\GoLive 4.0\atri2000 Folder\atri2000\timages\NPVglass\16x23ovalGoldenBanner.jpg --> www.alpinetrailridgeinn.com /timages/NPVglass 16x23ovalGoldenBanner.jpg
2004.01.30 21:51 B C:\Program Files\Adobe\GoLive 4.0\atri2000 Folder\atri2000\timages\NPVglass\16x23PerchedEagle.jpg --> www.alpinetrailridgeinn.com /timages/NPVglass 16x23PerchedEagle.jpg
2004.01.30 21:51 B C:\Program Files\Adobe\GoLive 4.0\atri2000 Folder\atri2000\timages\NPVglass\16x23simpleFlyingeagle.jpg --> www.alpinetrailridgeinn.com /timages/NPVglass 16x23simpleFlyingeagle.jpg
2004.01.30 21:52 B C:\Program Files\Adobe\GoLive 4.0\atri2000 Folder\atri2000\timages\NPVglass\18squareYoungRam.jpg --> www.alpinetrailridgeinn.com /timages/NPVglass 18squareYoungRam.jpg
2004.01.30 21:52 B C:\Program Files\Adobe\GoLive 4.0\atri2000 Folder\atri2000\timages\NPVglass\18x18Chickadeeincircle.jpg --> www.alpinetrailridgeinn.com /timages/NPVglass 18x18Chickadeeincircle.jpg
2004.01.30 21:52 B C:\Program Files\Adobe\GoLive 4.0\atri2000 Folder\atri2000\timages\NPVglass\18x18Fox.jpg --> www.alpinetrailridgeinn.com /timages/NPVglass 18x18Fox.jpg
2004.01.30 21:52 B C:\Program Files\Adobe\GoLive 4.0\atri2000 Folder\atri2000\timages\NPVglass\18x18GrizzlyBear.jpg --> www.alpinetrailridgeinn.com /timages/NPVglass 18x18GrizzlyBear.jpg
2004.01.30 21:52 B C:\Program Files\Adobe\GoLive 4.0\atri2000 Folder\atri2000\timages\NPVglass\18x26OldRam.jpg --> www.alpinetrailridgeinn.com /timages/NPVglass 18x26OldRam.jpg
2004.01.30 21:52 B C:\Program Files\Adobe\GoLive 4.0\atri2000 Folder\atri2000\timages\NPVglass\19x19SnowyOwl.jpg --> www.alpinetrailridgeinn.com /timages/NPVglass 19x19SnowyOwl.jpg
2004.01.30 21:52 B C:\Program Files\Adobe\GoLive 4.0\atri2000 Folder\atri2000\timages\NPVglass\19x23Elk.jpg --> www.alpinetrailridgeinn.com /timages/NPVglass 19x23Elk.jpg
2004.01.30 21:52 B C:\Program Files\Adobe\GoLive 4.0\atri2000 Folder\atri2000\timages\NPVglass\21roundcolumbines.jpg --> www.alpinetrailridgeinn.com /timages/NPVglass 21roundcolumbines.jpg
2004.01.30 21:53 B C:\Program Files\Adobe\GoLive 4.0\atri2000 Folder\atri2000\timages\NPVglass\21roundflyingowl.jpg --> www.alpinetrailridgeinn.com /timages/NPVglass 21roundflyingowl.jpg
2004.01.30 21:53 B C:\Program Files\Adobe\GoLive 4.0\atri2000 Folder\atri2000\timages\NPVglass\21x31IntricateEagle.jpg --> www.alpinetrailridgeinn.com /timages/NPVglass 21x31IntricateEagle.jpg
2004.01.30 21:53 B C:\Program Files\Adobe\GoLive 4.0\atri2000 Folder\atri2000\timages\NPVglass\23x20HummingbirdsandColumbines.jpg --> www.alpinetrailridgeinn.com /timages/NPVglass 23x20HummingbirdsandColumbines.jpg
2004.01.30 21:53 B C:\Program Files\Adobe\GoLive 4.0\atri2000 Folder\atri2000\timages\NPVglass\23x20LongsPeak.jpg --> www.alpinetrailridgeinn.com /timages/NPVglass 23x20LongsPeak.jpg
2004.01.30 21:53 B C:\Program Files\Adobe\GoLive 4.0\atri2000 Folder\atri2000\timages\NPVglass\24x20MountainLion.jpg --> www.alpinetrailridgeinn.com /timages/NPVglass 24x20MountainLion.jpg
2004.01.30 21:53 B C:\Program Files\Adobe\GoLive 4.0\atri2000 Folder\atri2000\timages\NPVglass\25roundchickadees.jpg --> www.alpinetrailridgeinn.com /timages/NPVglass 25roundchickadees.jpg
2004.01.30 21:53 B C:\Program Files\Adobe\GoLive 4.0\atri2000 Folder\atri2000\timages\NPVglass\25roundCrocuses.jpg --> www.alpinetrailridgeinn.com /timages/NPVglass 25roundCrocuses.jpg
2004.01.30 21:53 B C:\Program Files\Adobe\GoLive 4.0\atri2000 Folder\atri2000\timages\NPVglass\25x25Hummingbirds&Crocuses.jpg --> www.alpinetrailridgeinn.com /timages/NPVglass 25x25Hummingbirds&Crocuses.jpg
2004.01.30 21:54 B C:\Program Files\Adobe\GoLive 4.0\atri2000 Folder\atri2000\timages\NPVglass\27roundHbirds&goldenbanner.jpg --> www.alpinetrailridgeinn.com /timages/NPVglass 27roundHbirds&goldenbanner.jpg
2004.01.30 21:54 B C:\Program Files\Adobe\GoLive 4.0\atri2000 Folder\atri2000\timages\NPVglass\WS_FTP.LOG --> www.alpinetrailridgeinn.com /timages/NPVglass WS_FTP.LOG
2006.11.28 17:20 B C:\Program Files\Adobe\GoLive 4.0\urban2000folder\urban\glimages\npvglass\13x13WildRose.jpg --> www.urbanrancher.com /html/glimages/npvglass 13x13WildRose.jpg
2006.11.28 17:21 B C:\Program Files\Adobe\GoLive 4.0\urban2000folder\urban\glimages\npvglass\14roundIris.jpg --> www.urbanrancher.com /html/glimages/npvglass 14roundIris.jpg
2006.11.28 17:21 B C:\Program Files\Adobe\GoLive 4.0\urban2000folder\urban\glimages\npvglass\1623PerchedEagle.jpg --> www.urbanrancher.com /html/glimages/npvglass 1623PerchedEagle.jpg
2006.11.28 17:21 B C:\Program Files\Adobe\GoLive 4.0\urban2000folder\urban\glimages\npvglass\1623simpleFlyingeagle.jpg --> www.urbanrancher.com /html/glimages/npvglass 1623simpleFlyingeagle.jpg
2006.11.28 17:21 B C:\Program Files\Adobe\GoLive 4.0\urban2000folder\urban\glimages\npvglass\16x23ovalGoldenBanner.jpg --> www.urbanrancher.com /html/glimages/npvglass 16x23ovalGoldenBanner.jpg
2006.11.28 17:21 B C:\Program Files\Adobe\GoLive 4.0\urban2000folder\urban\glimages\npvglass\16x23PerchedEagle.jpg --> www.urbanrancher.com /html/glimages/npvglass 16x23PerchedEagle.jpg
2006.11.28 17:22 B C:\Program Files\Adobe\GoLive 4.0\urban2000folder\urban\glimages\npvglass\16x23simpleFlyingeagle.jpg --> www.urbanrancher.com /html/glimages/npvglass 16x23simpleFlyingeagle.jpg
2006.11.28 17:22 B C:\Program Files\Adobe\GoLive 4.0\urban2000folder\urban\glimages\npvglass\18squareYoungRam.jpg --> www.urbanrancher.com /html/glimages/npvglass 18squareYoungRam.jpg
2006.11.28 17:22 B C:\Program Files\Adobe\GoLive 4.0\urban2000folder\urban\glimages\npvglass\18x18Chickadeeincircle.jpg --> www.urbanrancher.com /html/glimages/npvglass 18x18Chickadeeincircle.jpg
2006.11.28 17:22 B C:\Program Files\Adobe\GoLive 4.0\urban2000folder\urban\glimages\npvglass\18x18Fox.jpg --> www.urbanrancher.com /html/glimages/npvglass 18x18Fox.jpg
2006.11.28 17:22 B C:\Program Files\Adobe\GoLive 4.0\urban2000folder\urban\glimages\npvglass\18x18GrizzlyBear.jpg --> www.urbanrancher.com /html/glimages/npvglass 18x18GrizzlyBear.jpg
2006.11.28 17:22 B C:\Program Files\Adobe\GoLive 4.0\urban2000folder\urban\glimages\npvglass\18x26OldRam.jpg --> www.urbanrancher.com /html/glimages/npvglass 18x26OldRam.jpg
2006.11.28 17:22 B C:\Program Files\Adobe\GoLive 4.0\urban2000folder\urban\glimages\npvglass\1919SnowyOwl.jpg --> www.urbanrancher.com /html/glimages/npvglass 1919SnowyOwl.jpg
2006.11.28 17:22 B C:\Program Files\Adobe\GoLive 4.0\urban2000folder\urban\glimages\npvglass\1923Elk.jpg --> www.urbanrancher.com /html/glimages/npvglass 1923Elk.jpg
2006.11.28 17:23 B C:\Program Files\Adobe\GoLive 4.0\urban2000folder\urban\glimages\npvglass\19x19SnowyOwl.jpg --> www.urbanrancher.com /html/glimages/npvglass 19x19SnowyOwl.jpg
2006.11.28 17:23 B C:\Program Files\Adobe\GoLive 4.0\urban2000folder\urban\glimages\npvglass\19x23Elk.jpg --> www.urbanrancher.com /html/glimages/npvglass 19x23Elk.jpg
2006.11.28 17:23 B C:\Program Files\Adobe\GoLive 4.0\urban2000folder\urban\glimages\npvglass\2131IntricateEagle.jpg --> www.urbanrancher.com /html/glimages/npvglass 2131IntricateEagle.jpg
2006.11.28 17:23 B C:\Program Files\Adobe\GoLive 4.0\urban2000folder\urban\glimages\npvglass\21roundcolumbines.jpg --> www.urbanrancher.com /html/glimages/npvglass 21roundcolumbines.jpg
2006.11.28 17:23 B C:\Program Files\Adobe\GoLive 4.0\urban2000folder\urban\glimages\npvglass\21roundflyingowl.jpg --> www.urbanrancher.com /html/glimages/npvglass 21roundflyingowl.jpg
2006.11.28 17:23 B C:\Program Files\Adobe\GoLive 4.0\urban2000folder\urban\glimages\npvglass\21x31IntricateEagle.jpg --> www.urbanrancher.com /html/glimages/npvglass 21x31IntricateEagle.jpg
2006.11.28 17:24 B C:\Program Files\Adobe\GoLive 4.0\urban2000folder\urban\glimages\npvglass\2320HummingbirdsandColumbines.jpg --> www.urbanrancher.com /html/glimages/npvglass 2320HummingbirdsandColumbines.jpg
2006.11.28 17:24 B C:\Program Files\Adobe\GoLive 4.0\urban2000folder\urban\glimages\npvglass\2320LongsPeak.jpg --> www.urbanrancher.com /html/glimages/npvglass 2320LongsPeak.jpg
2006.11.28 17:24 B C:\Program Files\Adobe\GoLive 4.0\urban2000folder\urban\glimages\npvglass\23x20HummingbirdsandColumbines.jpg --> www.urbanrancher.com /html/glimages/npvglass 23x20HummingbirdsandColumbines.jpg
2006.11.28 17:24 B C:\Program Files\Adobe\GoLive 4.0\urban2000folder\urban\glimages\npvglass\23x20LongsPeak.jpg --> www.urbanrancher.com /html/glimages/npvglass 23x20LongsPeak.jpg
2006.11.28 17:24 B C:\Program Files\Adobe\GoLive 4.0\urban2000folder\urban\glimages\npvglass\2420MountainLion.jpg --> www.urbanrancher.com /html/glimages/npvglass 2420MountainLion.jpg
2006.11.28 17:24 B C:\Program Files\Adobe\GoLive 4.0\urban2000folder\urban\glimages\npvglass\24x20MountainLion.jpg --> www.urbanrancher.com /html/glimages/npvglass 24x20MountainLion.jpg
2006.11.28 17:25 B C:\Program Files\Adobe\GoLive 4.0\urban2000folder\urban\glimages\npvglass\2525Hummingbirds_Crocuses.jpg --> www.urbanrancher.com /html/glimages/npvglass 2525Hummingbirds_Crocuses.jpg
2006.11.28 17:25 B C:\Program Files\Adobe\GoLive 4.0\urban2000folder\urban\glimages\npvglass\25roundchickadees.jpg --> www.urbanrancher.com /html/glimages/npvglass 25roundchickadees.jpg
2006.11.28 17:25 B C:\Program Files\Adobe\GoLive 4.0\urban2000folder\urban\glimages\npvglass\25roundCrocuses.jpg --> www.urbanrancher.com /html/glimages/npvglass 25roundCrocuses.jpg
2006.11.28 17:25 B C:\Program Files\Adobe\GoLive 4.0\urban2000folder\urban\glimages\npvglass\25x25Hummingbirds&Crocuses.jpg --> www.urbanrancher.com /html/glimages/npvglass 25x25Hummingbirds&Crocuses.jpg
2006.11.28 17:25 B C:\Program Files\Adobe\GoLive 4.0\urban2000folder\urban\glimages\npvglass\27roundHbirds&goldenbanner.jpg --> www.urbanrancher.com /html/glimages/npvglass 27roundHbirds&goldenbanner.jpg
2006.11.28 17:26 B C:\Program Files\Adobe\GoLive 4.0\urban2000folder\urban\glimages\npvglass\27roundHbirds_goldenbanner.jpg --> www.urbanrancher.com /html/glimages/npvglass 27roundHbirds_goldenbanner.jpg
2006.11.28 17:26 B C:\Program Files\Adobe\GoLive 4.0\urban2000folder\urban\glimages\npvglass\Thumbs.db --> www.urbanrancher.com /html/glimages/npvglass Thumbs.db
2006.11.28 17:26 B C:\Program Files\Adobe\GoLive 4.0\urban2000folder\urban\glimages\npvglass\Untitled-1.psd --> www.urbanrancher.com /html/glimages/npvglass Untitled-1.psd
