2005.06.02 12:22 B C:\Program Files\Adobe\GoLive 4.0\atri2000 Folder\atri2000\timages\current inventory\bearglasslg.jpg --> www.alpinetrailridgeinn.com /current inventory bearglasslg.jpg
2005.06.02 12:22 B C:\Program Files\Adobe\GoLive 4.0\atri2000 Folder\atri2000\timages\current inventory\bearglasssm.jpg --> www.alpinetrailridgeinn.com /current inventory bearglasssm.jpg
2005.06.02 12:22 B C:\Program Files\Adobe\GoLive 4.0\atri2000 Folder\atri2000\timages\current inventory\chickadeeslg.jpg --> www.alpinetrailridgeinn.com /current inventory chickadeeslg.jpg
2005.06.02 12:22 B C:\Program Files\Adobe\GoLive 4.0\atri2000 Folder\atri2000\timages\current inventory\chickadeessm.jpg --> www.alpinetrailridgeinn.com /current inventory chickadeessm.jpg
2005.06.02 12:22 B C:\Program Files\Adobe\GoLive 4.0\atri2000 Folder\atri2000\timages\current inventory\hbirdscrocuseslg.jpg --> www.alpinetrailridgeinn.com /current inventory hbirdscrocuseslg.jpg
2005.06.02 12:22 B C:\Program Files\Adobe\GoLive 4.0\atri2000 Folder\atri2000\timages\current inventory\hbirdscrocusessm.jpg --> www.alpinetrailridgeinn.com /current inventory hbirdscrocusessm.jpg
2005.06.02 12:22 B C:\Program Files\Adobe\GoLive 4.0\atri2000 Folder\atri2000\timages\current inventory\hbirdsgoldenbannerlg.jpg --> www.alpinetrailridgeinn.com /current inventory hbirdsgoldenbannerlg.jpg
2005.06.02 12:22 B C:\Program Files\Adobe\GoLive 4.0\atri2000 Folder\atri2000\timages\current inventory\hbirdsgoldenbannersm.jpg --> www.alpinetrailridgeinn.com /current inventory hbirdsgoldenbannersm.jpg
2005.06.02 12:22 B C:\Program Files\Adobe\GoLive 4.0\atri2000 Folder\atri2000\timages\current inventory\mtnlionlg.jpg --> www.alpinetrailridgeinn.com /current inventory mtnlionlg.jpg
2005.06.02 12:22 B C:\Program Files\Adobe\GoLive 4.0\atri2000 Folder\atri2000\timages\current inventory\mtnlionsm.jpg --> www.alpinetrailridgeinn.com /current inventory mtnlionsm.jpg
2005.06.02 12:22 B C:\Program Files\Adobe\GoLive 4.0\atri2000 Folder\atri2000\timages\current inventory\perchedeaglebreakslg.jpg --> www.alpinetrailridgeinn.com /current inventory perchedeaglebreakslg.jpg
2005.06.02 12:22 B C:\Program Files\Adobe\GoLive 4.0\atri2000 Folder\atri2000\timages\current inventory\perchedeaglebreakssm.jpg --> www.alpinetrailridgeinn.com /current inventory perchedeaglebreakssm.jpg
2005.06.02 12:22 B C:\Program Files\Adobe\GoLive 4.0\atri2000 Folder\atri2000\timages\current inventory\perchedeaglenobreakslg.jpg --> www.alpinetrailridgeinn.com /current inventory perchedeaglenobreakslg.jpg
2005.06.02 12:22 B C:\Program Files\Adobe\GoLive 4.0\atri2000 Folder\atri2000\timages\current inventory\perchedeaglenobreakssm.jpg --> www.alpinetrailridgeinn.com /current inventory perchedeaglenobreakssm.jpg
2005.06.02 12:22 B C:\Program Files\Adobe\GoLive 4.0\atri2000 Folder\atri2000\timages\current inventory\roundcrocuseslg.jpg --> www.alpinetrailridgeinn.com /current inventory roundcrocuseslg.jpg
2005.06.02 12:22 B C:\Program Files\Adobe\GoLive 4.0\atri2000 Folder\atri2000\timages\current inventory\roundcrocusessm.jpg --> www.alpinetrailridgeinn.com /current inventory roundcrocusessm.jpg
2005.06.02 12:22 B C:\Program Files\Adobe\GoLive 4.0\atri2000 Folder\atri2000\timages\current inventory\simpleeaglerrlg.jpg --> www.alpinetrailridgeinn.com /current inventory simpleeaglerrlg.jpg
2005.06.02 12:22 B C:\Program Files\Adobe\GoLive 4.0\atri2000 Folder\atri2000\timages\current inventory\simpleeaglerrsm.jpg --> www.alpinetrailridgeinn.com /current inventory simpleeaglerrsm.jpg
2005.06.02 12:23 B C:\Program Files\Adobe\GoLive 4.0\atri2000 Folder\atri2000\timages\current inventory\snowyowlglasslg.jpg --> www.alpinetrailridgeinn.com /current inventory snowyowlglasslg.jpg
2005.06.02 12:25 B C:\Program Files\Adobe\GoLive 4.0\atri2000 Folder\atri2000\timages\current inventory\snowyowlglasssm.jpg --> www.alpinetrailridgeinn.com /current inventory snowyowlglasssm.jpg
2005.06.02 12:25 B C:\Program Files\Adobe\GoLive 4.0\atri2000 Folder\atri2000\timages\current inventory\wildroseglasslg.jpg --> www.alpinetrailridgeinn.com /current inventory wildroseglasslg.jpg
2005.06.02 12:25 B C:\Program Files\Adobe\GoLive 4.0\atri2000 Folder\atri2000\timages\current inventory\wildroseglasssm.jpg --> www.alpinetrailridgeinn.com /current inventory wildroseglasssm.jpg
2005.06.02 16:23 B C:\Program Files\Adobe\GoLive 4.0\atri2000 Folder\atri2000\timages\current inventory\bearglasslg.jpg --> www.alpinetrailridgeinn.com /timages/current inventory bearglasslg.jpg
2005.06.02 16:23 B C:\Program Files\Adobe\GoLive 4.0\atri2000 Folder\atri2000\timages\current inventory\bearglasssm.jpg --> www.alpinetrailridgeinn.com /timages/current inventory bearglasssm.jpg
2005.06.02 16:23 B C:\Program Files\Adobe\GoLive 4.0\atri2000 Folder\atri2000\timages\current inventory\chickadeeslg.jpg --> www.alpinetrailridgeinn.com /timages/current inventory chickadeeslg.jpg
2005.06.02 16:23 B C:\Program Files\Adobe\GoLive 4.0\atri2000 Folder\atri2000\timages\current inventory\chickadeessm.jpg --> www.alpinetrailridgeinn.com /timages/current inventory chickadeessm.jpg
2005.06.02 16:23 B C:\Program Files\Adobe\GoLive 4.0\atri2000 Folder\atri2000\timages\current inventory\hbirdscrocuseslg.jpg --> www.alpinetrailridgeinn.com /timages/current inventory hbirdscrocuseslg.jpg
2005.06.02 16:23 B C:\Program Files\Adobe\GoLive 4.0\atri2000 Folder\atri2000\timages\current inventory\hbirdscrocusessm.jpg --> www.alpinetrailridgeinn.com /timages/current inventory hbirdscrocusessm.jpg
2005.06.02 16:23 B C:\Program Files\Adobe\GoLive 4.0\atri2000 Folder\atri2000\timages\current inventory\hbirdsgoldenbannerlg.jpg --> www.alpinetrailridgeinn.com /timages/current inventory hbirdsgoldenbannerlg.jpg
2005.06.02 16:23 B C:\Program Files\Adobe\GoLive 4.0\atri2000 Folder\atri2000\timages\current inventory\hbirdsgoldenbannersm.jpg --> www.alpinetrailridgeinn.com /timages/current inventory hbirdsgoldenbannersm.jpg
2005.06.02 16:23 B C:\Program Files\Adobe\GoLive 4.0\atri2000 Folder\atri2000\timages\current inventory\mtnlionlg.jpg --> www.alpinetrailridgeinn.com /timages/current inventory mtnlionlg.jpg
2005.06.02 16:23 B C:\Program Files\Adobe\GoLive 4.0\atri2000 Folder\atri2000\timages\current inventory\mtnlionsm.jpg --> www.alpinetrailridgeinn.com /timages/current inventory mtnlionsm.jpg
2005.06.02 16:23 B C:\Program Files\Adobe\GoLive 4.0\atri2000 Folder\atri2000\timages\current inventory\perchedeaglebreakslg.jpg --> www.alpinetrailridgeinn.com /timages/current inventory perchedeaglebreakslg.jpg
2005.06.02 16:23 B C:\Program Files\Adobe\GoLive 4.0\atri2000 Folder\atri2000\timages\current inventory\perchedeaglebreakssm.jpg --> www.alpinetrailridgeinn.com /timages/current inventory perchedeaglebreakssm.jpg
2005.06.02 16:23 B C:\Program Files\Adobe\GoLive 4.0\atri2000 Folder\atri2000\timages\current inventory\perchedeaglenobreakslg.jpg --> www.alpinetrailridgeinn.com /timages/current inventory perchedeaglenobreakslg.jpg
2005.06.02 16:23 B C:\Program Files\Adobe\GoLive 4.0\atri2000 Folder\atri2000\timages\current inventory\perchedeaglenobreakssm.jpg --> www.alpinetrailridgeinn.com /timages/current inventory perchedeaglenobreakssm.jpg
2005.06.02 16:23 B C:\Program Files\Adobe\GoLive 4.0\atri2000 Folder\atri2000\timages\current inventory\roundcrocuseslg.jpg --> www.alpinetrailridgeinn.com /timages/current inventory roundcrocuseslg.jpg
2005.06.02 16:23 B C:\Program Files\Adobe\GoLive 4.0\atri2000 Folder\atri2000\timages\current inventory\roundcrocusessm.jpg --> www.alpinetrailridgeinn.com /timages/current inventory roundcrocusessm.jpg
2005.06.02 16:23 B C:\Program Files\Adobe\GoLive 4.0\atri2000 Folder\atri2000\timages\current inventory\simpleeaglerrlg.jpg --> www.alpinetrailridgeinn.com /timages/current inventory simpleeaglerrlg.jpg
2005.06.02 16:23 B C:\Program Files\Adobe\GoLive 4.0\atri2000 Folder\atri2000\timages\current inventory\simpleeaglerrsm.jpg --> www.alpinetrailridgeinn.com /timages/current inventory simpleeaglerrsm.jpg
2005.06.02 16:23 B C:\Program Files\Adobe\GoLive 4.0\atri2000 Folder\atri2000\timages\current inventory\snowyowlglasslg.jpg --> www.alpinetrailridgeinn.com /timages/current inventory snowyowlglasslg.jpg
2005.06.02 16:23 B C:\Program Files\Adobe\GoLive 4.0\atri2000 Folder\atri2000\timages\current inventory\snowyowlglasssm.jpg --> www.alpinetrailridgeinn.com /timages/current inventory snowyowlglasssm.jpg
2005.06.02 16:23 B C:\Program Files\Adobe\GoLive 4.0\atri2000 Folder\atri2000\timages\current inventory\wildroseglasslg.jpg --> www.alpinetrailridgeinn.com /timages/current inventory wildroseglasslg.jpg
2005.06.02 16:23 B C:\Program Files\Adobe\GoLive 4.0\atri2000 Folder\atri2000\timages\current inventory\wildroseglasssm.jpg --> www.alpinetrailridgeinn.com /timages/current inventory wildroseglasssm.jpg
2005.06.02 16:23 B C:\Program Files\Adobe\GoLive 4.0\atri2000 Folder\atri2000\timages\current inventory\WS_FTP.LOG --> www.alpinetrailridgeinn.com /timages/current inventory WS_FTP.LOG
2005.06.02 22:48 B C:\Program Files\Adobe\GoLive 4.0\atri2000 Folder\atri2000\timages\current inventory\14 round Morning Glorylg.jpg --> www.alpinetrailridgeinn.com /timages/current inventory 14 round Morning Glorylg.jpg
2005.06.02 22:48 B C:\Program Files\Adobe\GoLive 4.0\atri2000 Folder\atri2000\timages\current inventory\14 round Morning Glorysm.jpg --> www.alpinetrailridgeinn.com /timages/current inventory 14 round Morning Glorysm.jpg
2005.06.02 22:49 B C:\Program Files\Adobe\GoLive 4.0\atri2000 Folder\atri2000\timages\current inventory\3columbineslg.jpg --> www.alpinetrailridgeinn.com /timages/current inventory 3columbineslg.jpg
2005.06.02 22:49 B C:\Program Files\Adobe\GoLive 4.0\atri2000 Folder\atri2000\timages\current inventory\3columbinessm.jpg --> www.alpinetrailridgeinn.com /timages/current inventory 3columbinessm.jpg
2005.06.02 22:49 B C:\Program Files\Adobe\GoLive 4.0\atri2000 Folder\atri2000\timages\current inventory\ambeautyroselg.jpg --> www.alpinetrailridgeinn.com /timages/current inventory ambeautyroselg.jpg
2005.06.02 22:49 B C:\Program Files\Adobe\GoLive 4.0\atri2000 Folder\atri2000\timages\current inventory\ambeautyrosesm.jpg --> www.alpinetrailridgeinn.com /timages/current inventory ambeautyrosesm.jpg
2005.06.02 22:49 B C:\Program Files\Adobe\GoLive 4.0\atri2000 Folder\atri2000\timages\current inventory\bighornlg.jpg --> www.alpinetrailridgeinn.com /timages/current inventory bighornlg.jpg
2005.06.02 22:49 B C:\Program Files\Adobe\GoLive 4.0\atri2000 Folder\atri2000\timages\current inventory\bighornsm.jpg --> www.alpinetrailridgeinn.com /timages/current inventory bighornsm.jpg
2005.06.02 22:49 B C:\Program Files\Adobe\GoLive 4.0\atri2000 Folder\atri2000\timages\current inventory\elklg.jpg --> www.alpinetrailridgeinn.com /timages/current inventory elklg.jpg
2005.06.02 22:49 B C:\Program Files\Adobe\GoLive 4.0\atri2000 Folder\atri2000\timages\current inventory\elksm.jpg --> www.alpinetrailridgeinn.com /timages/current inventory elksm.jpg
2005.06.02 22:49 B C:\Program Files\Adobe\GoLive 4.0\atri2000 Folder\atri2000\timages\current inventory\irislg.jpg --> www.alpinetrailridgeinn.com /timages/current inventory irislg.jpg
2005.06.02 22:50 B C:\Program Files\Adobe\GoLive 4.0\atri2000 Folder\atri2000\timages\current inventory\irissm.jpg --> www.alpinetrailridgeinn.com /timages/current inventory irissm.jpg
2005.06.02 22:50 B C:\Program Files\Adobe\GoLive 4.0\atri2000 Folder\atri2000\timages\current inventory\mariposalilylg.jpg --> www.alpinetrailridgeinn.com /timages/current inventory mariposalilylg.jpg
2005.06.02 22:50 B C:\Program Files\Adobe\GoLive 4.0\atri2000 Folder\atri2000\timages\current inventory\mariposalilysm.jpg --> www.alpinetrailridgeinn.com /timages/current inventory mariposalilysm.jpg
2005.06.02 22:50 B C:\Program Files\Adobe\GoLive 4.0\atri2000 Folder\atri2000\timages\current inventory\morningglorylg.jpg --> www.alpinetrailridgeinn.com /timages/current inventory morningglorylg.jpg
2005.06.02 22:50 B C:\Program Files\Adobe\GoLive 4.0\atri2000 Folder\atri2000\timages\current inventory\morningglorysm.jpg --> www.alpinetrailridgeinn.com /timages/current inventory morningglorysm.jpg
2005.06.02 22:50 B C:\Program Files\Adobe\GoLive 4.0\atri2000 Folder\atri2000\timages\current inventory\ovalyellowbannerlg.jpg --> www.alpinetrailridgeinn.com /timages/current inventory ovalyellowbannerlg.jpg
2005.06.02 22:50 B C:\Program Files\Adobe\GoLive 4.0\atri2000 Folder\atri2000\timages\current inventory\ovalyellowbannersm.jpg --> www.alpinetrailridgeinn.com /timages/current inventory ovalyellowbannersm.jpg
2005.06.02 22:50 B C:\Program Files\Adobe\GoLive 4.0\atri2000 Folder\atri2000\timages\current inventory\rectirislg.jpg --> www.alpinetrailridgeinn.com /timages/current inventory rectirislg.jpg
2005.06.02 22:50 B C:\Program Files\Adobe\GoLive 4.0\atri2000 Folder\atri2000\timages\current inventory\rectirissm.jpg --> www.alpinetrailridgeinn.com /timages/current inventory rectirissm.jpg
2005.06.02 22:51 B C:\Program Files\Adobe\GoLive 4.0\atri2000 Folder\atri2000\timages\current inventory\youngbighornlg.jpg --> www.alpinetrailridgeinn.com /timages/current inventory youngbighornlg.jpg
2005.06.02 22:51 B C:\Program Files\Adobe\GoLive 4.0\atri2000 Folder\atri2000\timages\current inventory\youngbighornsm.jpg --> www.alpinetrailridgeinn.com /timages/current inventory youngbighornsm.jpg
2005.06.13 19:49 B C:\Program Files\Adobe\GoLive 4.0\atri2000 Folder\atri2000\timages\current inventory\columbine14sm.jpg --> www.alpinetrailridgeinn.com /timages/current inventory columbine14sm.jpg
2005.06.13 19:49 B C:\Program Files\Adobe\GoLive 4.0\atri2000 Folder\atri2000\timages\current inventory\columbine14lg.jpg --> www.alpinetrailridgeinn.com /timages/current inventory columbine14lg.jpg
2005.06.13 19:49 B C:\Program Files\Adobe\GoLive 4.0\atri2000 Folder\atri2000\timages\current inventory\bluebonnet14sm.jpg --> www.alpinetrailridgeinn.com /timages/current inventory bluebonnet14sm.jpg
2005.06.13 19:49 B C:\Program Files\Adobe\GoLive 4.0\atri2000 Folder\atri2000\timages\current inventory\bluebonnet14lg.jpg --> www.alpinetrailridgeinn.com /timages/current inventory bluebonnet14lg.jpg
2005.06.13 19:49 B C:\Program Files\Adobe\GoLive 4.0\atri2000 Folder\atri2000\timages\current inventory\woodlily14sm.jpg --> www.alpinetrailridgeinn.com /timages/current inventory woodlily14sm.jpg
2005.06.13 19:49 B C:\Program Files\Adobe\GoLive 4.0\atri2000 Folder\atri2000\timages\current inventory\woodlily14lg.jpg --> www.alpinetrailridgeinn.com /timages/current inventory woodlily14lg.jpg
2005.06.13 19:49 B C:\Program Files\Adobe\GoLive 4.0\atri2000 Folder\atri2000\timages\current inventory\morningglory14sm.jpg --> www.alpinetrailridgeinn.com /timages/current inventory morningglory14sm.jpg
2005.06.13 19:50 B C:\Program Files\Adobe\GoLive 4.0\atri2000 Folder\atri2000\timages\current inventory\morningglory14lg.jpg --> www.alpinetrailridgeinn.com /timages/current inventory morningglory14lg.jpg
2005.06.16 00:36 B C:\Program Files\Adobe\GoLive 4.0\urban2000folder\urban\glimages\current inventory\14 round Morning Glorylg.jpg --> www.urbanrancher.com /glimages/current inventory 14 round Morning Glorylg.jpg
2005.06.16 00:36 B C:\Program Files\Adobe\GoLive 4.0\urban2000folder\urban\glimages\current inventory\14 round Morning Glorysm.jpg --> www.urbanrancher.com /glimages/current inventory 14 round Morning Glorysm.jpg
2005.06.16 00:36 B C:\Program Files\Adobe\GoLive 4.0\urban2000folder\urban\glimages\current inventory\3columbineslg.jpg --> www.urbanrancher.com /glimages/current inventory 3columbineslg.jpg
2005.06.16 00:36 B C:\Program Files\Adobe\GoLive 4.0\urban2000folder\urban\glimages\current inventory\3columbinessm.jpg --> www.urbanrancher.com /glimages/current inventory 3columbinessm.jpg
2005.06.16 00:36 B C:\Program Files\Adobe\GoLive 4.0\urban2000folder\urban\glimages\current inventory\ambeautyroselg.jpg --> www.urbanrancher.com /glimages/current inventory ambeautyroselg.jpg
2005.06.16 00:36 B C:\Program Files\Adobe\GoLive 4.0\urban2000folder\urban\glimages\current inventory\ambeautyrosesm.jpg --> www.urbanrancher.com /glimages/current inventory ambeautyrosesm.jpg
2005.06.16 00:36 B C:\Program Files\Adobe\GoLive 4.0\urban2000folder\urban\glimages\current inventory\bearglasslg.jpg --> www.urbanrancher.com /glimages/current inventory bearglasslg.jpg
2005.06.16 00:36 B C:\Program Files\Adobe\GoLive 4.0\urban2000folder\urban\glimages\current inventory\bearglasssm.jpg --> www.urbanrancher.com /glimages/current inventory bearglasssm.jpg
2005.06.16 00:36 B C:\Program Files\Adobe\GoLive 4.0\urban2000folder\urban\glimages\current inventory\bighornlg.jpg --> www.urbanrancher.com /glimages/current inventory bighornlg.jpg
2005.06.16 00:36 B C:\Program Files\Adobe\GoLive 4.0\urban2000folder\urban\glimages\current inventory\bighornsm.jpg --> www.urbanrancher.com /glimages/current inventory bighornsm.jpg
2005.06.16 00:36 B C:\Program Files\Adobe\GoLive 4.0\urban2000folder\urban\glimages\current inventory\bluebonnet14lg.jpg --> www.urbanrancher.com /glimages/current inventory bluebonnet14lg.jpg
2005.06.16 00:36 B C:\Program Files\Adobe\GoLive 4.0\urban2000folder\urban\glimages\current inventory\bluebonnet14sm.jpg --> www.urbanrancher.com /glimages/current inventory bluebonnet14sm.jpg
2005.06.16 00:36 B C:\Program Files\Adobe\GoLive 4.0\urban2000folder\urban\glimages\current inventory\bluebonnetlg.jpg --> www.urbanrancher.com /glimages/current inventory bluebonnetlg.jpg
2005.06.16 00:36 B C:\Program Files\Adobe\GoLive 4.0\urban2000folder\urban\glimages\current inventory\bluebonnetsm.jpg --> www.urbanrancher.com /glimages/current inventory bluebonnetsm.jpg
2005.06.16 00:36 B C:\Program Files\Adobe\GoLive 4.0\urban2000folder\urban\glimages\current inventory\chickadeeslg.jpg --> www.urbanrancher.com /glimages/current inventory chickadeeslg.jpg
2005.06.16 00:36 B C:\Program Files\Adobe\GoLive 4.0\urban2000folder\urban\glimages\current inventory\chickadeessm.jpg --> www.urbanrancher.com /glimages/current inventory chickadeessm.jpg
2005.06.16 00:36 B C:\Program Files\Adobe\GoLive 4.0\urban2000folder\urban\glimages\current inventory\columbine14lg.jpg --> www.urbanrancher.com /glimages/current inventory columbine14lg.jpg
2005.06.16 00:36 B C:\Program Files\Adobe\GoLive 4.0\urban2000folder\urban\glimages\current inventory\columbine14sm.jpg --> www.urbanrancher.com /glimages/current inventory columbine14sm.jpg
2005.06.16 00:36 B C:\Program Files\Adobe\GoLive 4.0\urban2000folder\urban\glimages\current inventory\elklg.jpg --> www.urbanrancher.com /glimages/current inventory elklg.jpg
2005.06.16 00:36 B C:\Program Files\Adobe\GoLive 4.0\urban2000folder\urban\glimages\current inventory\elksm.jpg --> www.urbanrancher.com /glimages/current inventory elksm.jpg
2005.06.16 00:36 B C:\Program Files\Adobe\GoLive 4.0\urban2000folder\urban\glimages\current inventory\hbirdscrocuseslg.jpg --> www.urbanrancher.com /glimages/current inventory hbirdscrocuseslg.jpg
2005.06.16 00:36 B C:\Program Files\Adobe\GoLive 4.0\urban2000folder\urban\glimages\current inventory\hbirdscrocusessm.jpg --> www.urbanrancher.com /glimages/current inventory hbirdscrocusessm.jpg
2005.06.16 00:36 B C:\Program Files\Adobe\GoLive 4.0\urban2000folder\urban\glimages\current inventory\hbirdsgoldenbannerlg.jpg --> www.urbanrancher.com /glimages/current inventory hbirdsgoldenbannerlg.jpg
2005.06.16 00:36 B C:\Program Files\Adobe\GoLive 4.0\urban2000folder\urban\glimages\current inventory\hbirdsgoldenbannersm.jpg --> www.urbanrancher.com /glimages/current inventory hbirdsgoldenbannersm.jpg
2005.06.16 00:36 B C:\Program Files\Adobe\GoLive 4.0\urban2000folder\urban\glimages\current inventory\irislg.jpg --> www.urbanrancher.com /glimages/current inventory irislg.jpg
2005.06.16 00:36 B C:\Program Files\Adobe\GoLive 4.0\urban2000folder\urban\glimages\current inventory\irissm.jpg --> www.urbanrancher.com /glimages/current inventory irissm.jpg
2005.06.16 00:36 B C:\Program Files\Adobe\GoLive 4.0\urban2000folder\urban\glimages\current inventory\mariposalilylg.jpg --> www.urbanrancher.com /glimages/current inventory mariposalilylg.jpg
2005.06.16 00:36 B C:\Program Files\Adobe\GoLive 4.0\urban2000folder\urban\glimages\current inventory\mariposalilysm.jpg --> www.urbanrancher.com /glimages/current inventory mariposalilysm.jpg
2005.06.16 00:36 B C:\Program Files\Adobe\GoLive 4.0\urban2000folder\urban\glimages\current inventory\morningglory14lg.jpg --> www.urbanrancher.com /glimages/current inventory morningglory14lg.jpg
2005.06.16 00:36 B C:\Program Files\Adobe\GoLive 4.0\urban2000folder\urban\glimages\current inventory\morningglory14sm.jpg --> www.urbanrancher.com /glimages/current inventory morningglory14sm.jpg
2005.06.16 00:36 B C:\Program Files\Adobe\GoLive 4.0\urban2000folder\urban\glimages\current inventory\morningglorylg.jpg --> www.urbanrancher.com /glimages/current inventory morningglorylg.jpg
2005.06.16 00:36 B C:\Program Files\Adobe\GoLive 4.0\urban2000folder\urban\glimages\current inventory\morningglorysm.jpg --> www.urbanrancher.com /glimages/current inventory morningglorysm.jpg
2005.06.16 00:36 B C:\Program Files\Adobe\GoLive 4.0\urban2000folder\urban\glimages\current inventory\mtnlionlg.jpg --> www.urbanrancher.com /glimages/current inventory mtnlionlg.jpg
2005.06.16 00:36 B C:\Program Files\Adobe\GoLive 4.0\urban2000folder\urban\glimages\current inventory\mtnlionsm.jpg --> www.urbanrancher.com /glimages/current inventory mtnlionsm.jpg
2005.06.16 00:36 B C:\Program Files\Adobe\GoLive 4.0\urban2000folder\urban\glimages\current inventory\ovalyellowbannerlg.jpg --> www.urbanrancher.com /glimages/current inventory ovalyellowbannerlg.jpg
2005.06.16 00:36 B C:\Program Files\Adobe\GoLive 4.0\urban2000folder\urban\glimages\current inventory\ovalyellowbannersm.jpg --> www.urbanrancher.com /glimages/current inventory ovalyellowbannersm.jpg
2005.06.16 00:36 B C:\Program Files\Adobe\GoLive 4.0\urban2000folder\urban\glimages\current inventory\perchedeaglebreakslg.jpg --> www.urbanrancher.com /glimages/current inventory perchedeaglebreakslg.jpg
2005.06.16 00:36 B C:\Program Files\Adobe\GoLive 4.0\urban2000folder\urban\glimages\current inventory\perchedeaglebreakssm.jpg --> www.urbanrancher.com /glimages/current inventory perchedeaglebreakssm.jpg
2005.06.16 00:36 B C:\Program Files\Adobe\GoLive 4.0\urban2000folder\urban\glimages\current inventory\perchedeaglenobreakslg.jpg --> www.urbanrancher.com /glimages/current inventory perchedeaglenobreakslg.jpg
2005.06.16 00:36 B C:\Program Files\Adobe\GoLive 4.0\urban2000folder\urban\glimages\current inventory\perchedeaglenobreakssm.jpg --> www.urbanrancher.com /glimages/current inventory perchedeaglenobreakssm.jpg
2005.06.16 00:36 B C:\Program Files\Adobe\GoLive 4.0\urban2000folder\urban\glimages\current inventory\rectirislg.jpg --> www.urbanrancher.com /glimages/current inventory rectirislg.jpg
2005.06.16 00:36 B C:\Program Files\Adobe\GoLive 4.0\urban2000folder\urban\glimages\current inventory\rectirissm.jpg --> www.urbanrancher.com /glimages/current inventory rectirissm.jpg
2005.06.16 00:36 B C:\Program Files\Adobe\GoLive 4.0\urban2000folder\urban\glimages\current inventory\roundcrocuseslg.jpg --> www.urbanrancher.com /glimages/current inventory roundcrocuseslg.jpg
2005.06.16 00:36 B C:\Program Files\Adobe\GoLive 4.0\urban2000folder\urban\glimages\current inventory\roundcrocusessm.jpg --> www.urbanrancher.com /glimages/current inventory roundcrocusessm.jpg
2005.06.16 00:36 B C:\Program Files\Adobe\GoLive 4.0\urban2000folder\urban\glimages\current inventory\simpleeaglerrlg.jpg --> www.urbanrancher.com /glimages/current inventory simpleeaglerrlg.jpg
2005.06.16 00:36 B C:\Program Files\Adobe\GoLive 4.0\urban2000folder\urban\glimages\current inventory\simpleeaglerrsm.jpg --> www.urbanrancher.com /glimages/current inventory simpleeaglerrsm.jpg
2005.06.16 00:36 B C:\Program Files\Adobe\GoLive 4.0\urban2000folder\urban\glimages\current inventory\snowyowlglasslg.jpg --> www.urbanrancher.com /glimages/current inventory snowyowlglasslg.jpg
2005.06.16 00:36 B C:\Program Files\Adobe\GoLive 4.0\urban2000folder\urban\glimages\current inventory\snowyowlglasssm.jpg --> www.urbanrancher.com /glimages/current inventory snowyowlglasssm.jpg
2005.06.16 00:36 B C:\Program Files\Adobe\GoLive 4.0\urban2000folder\urban\glimages\current inventory\wildroseglasslg.jpg --> www.urbanrancher.com /glimages/current inventory wildroseglasslg.jpg
2005.06.16 00:36 B C:\Program Files\Adobe\GoLive 4.0\urban2000folder\urban\glimages\current inventory\wildroseglasssm.jpg --> www.urbanrancher.com /glimages/current inventory wildroseglasssm.jpg
2005.06.16 00:36 B C:\Program Files\Adobe\GoLive 4.0\urban2000folder\urban\glimages\current inventory\woodlily14lg.jpg --> www.urbanrancher.com /glimages/current inventory woodlily14lg.jpg
2005.06.16 00:36 B C:\Program Files\Adobe\GoLive 4.0\urban2000folder\urban\glimages\current inventory\woodlily14sm.jpg --> www.urbanrancher.com /glimages/current inventory woodlily14sm.jpg
